2023-02-17 03:02:28,105 [Worker-4: Loading available Gradle versions] INFO  o.e.b.c.i.u.g.PublishedGradleVersions - Gradle version information cache is up-to-date. Trying to read.
2023-02-17 03:06:50,009 [Worker-12: Launching mavenrun-9c5b06a5-c151-4ea0-a919-79c154e102d2] INFO  o.eclipse.m2e.core.internal.Bundles - getClasspathEntries(Bundle=org.eclipse.m2e.maven.runtime_3.8.604.20221130-2149 [605])
2023-02-17 03:06:50,037 [Worker-12: Launching mavenrun-9c5b06a5-c151-4ea0-a919-79c154e102d2] INFO  o.eclipse.m2e.core.internal.Bundles - 	Entry: C:\Users\mrity\.p2\pool\plugins\org.eclipse.m2e.maven.runtime_3.8.604.20221130-2149
2023-02-17 03:06:50,038 [Worker-12: Launching mavenrun-9c5b06a5-c151-4ea0-a919-79c154e102d2] INFO  o.eclipse.m2e.core.internal.Bundles - 	Entry: C:\Users\mrity\.p2\pool\plugins\org.eclipse.m2e.maven.runtime_3.8.604.20221130-2149\jars\aether-connector-okhttp-0.17.8.jar
2023-02-17 03:06:50,155 [Worker-12: Launching mavenrun-9c5b06a5-c151-4ea0-a919-79c154e102d2] INFO  o.eclipse.m2e.core.internal.Bundles - 	Entry: C:\Users\mrity\.p2\pool\plugins\org.eclipse.m2e.maven.runtime_3.8.604.20221130-2149\jars\commons-cli-1.4.jar
2023-02-17 03:06:50,156 [Worker-12: Launching mavenrun-9c5b06a5-c151-4ea0-a919-79c154e102d2] INFO  o.eclipse.m2e.core.internal.Bundles - 	Entry: C:\Users\mrity\.p2\pool\plugins\org.eclipse.m2e.maven.runtime_3.8.604.20221130-2149\jars\commons-io-2.6.jar
2023-02-17 03:06:50,156 [Worker-12: Launching mavenrun-9c5b06a5-c151-4ea0-a919-79c154e102d2] INFO  o.eclipse.m2e.core.internal.Bundles - 	Entry: C:\Users\mrity\.p2\pool\plugins\org.eclipse.m2e.maven.runtime_3.8.604.20221130-2149\jars\commons-lang3-3.8.1.jar
2023-02-17 03:06:50,157 [Worker-12: Launching mavenrun-9c5b06a5-c151-4ea0-a919-79c154e102d2] INFO  o.eclipse.m2e.core.internal.Bundles - 	Entry: C:\Users\mrity\.p2\pool\plugins\org.eclipse.m2e.maven.runtime_3.8.604.20221130-2149\jars\guice-4.2.2-no_aop.jar
2023-02-17 03:06:50,157 [Worker-12: Launching mavenrun-9c5b06a5-c151-4ea0-a919-79c154e102d2] INFO  o.eclipse.m2e.core.internal.Bundles - 	Entry: C:\Users\mrity\.p2\pool\plugins\org.eclipse.m2e.maven.runtime_3.8.604.20221130-2149\jars\jansi-2.4.0.jar
2023-02-17 03:06:50,157 [Worker-12: Launching mavenrun-9c5b06a5-c151-4ea0-a919-79c154e102d2] INFO  o.eclipse.m2e.core.internal.Bundles - 	Entry: C:\Users\mrity\.p2\pool\plugins\org.eclipse.m2e.maven.runtime_3.8.604.20221130-2149\jars\maven-artifact-3.8.6.jar
2023-02-17 03:06:50,158 [Worker-12: Launching mavenrun-9c5b06a5-c151-4ea0-a919-79c154e102d2] INFO  o.eclipse.m2e.core.internal.Bundles - 	Entry: C:\Users\mrity\.p2\pool\plugins\org.eclipse.m2e.maven.runtime_3.8.604.20221130-2149\jars\maven-builder-support-3.8.6.jar
2023-02-17 03:06:50,158 [Worker-12: Launching mavenrun-9c5b06a5-c151-4ea0-a919-79c154e102d2] INFO  o.eclipse.m2e.core.internal.Bundles - 	Entry: C:\Users\mrity\.p2\pool\plugins\org.eclipse.m2e.maven.runtime_3.8.604.20221130-2149\jars\maven-compat-3.8.6.jar
2023-02-17 03:06:50,158 [Worker-12: Launching mavenrun-9c5b06a5-c151-4ea0-a919-79c154e102d2] INFO  o.eclipse.m2e.core.internal.Bundles - 	Entry: C:\Users\mrity\.p2\pool\plugins\org.eclipse.m2e.maven.runtime_3.8.604.20221130-2149\jars\maven-core-3.8.6.jar
2023-02-17 03:06:50,159 [Worker-12: Launching mavenrun-9c5b06a5-c151-4ea0-a919-79c154e102d2] INFO  o.eclipse.m2e.core.internal.Bundles - 	Entry: C:\Users\mrity\.p2\pool\plugins\org.eclipse.m2e.maven.runtime_3.8.604.20221130-2149\jars\maven-embedder-3.8.6.jar
2023-02-17 03:06:50,159 [Worker-12: Launching mavenrun-9c5b06a5-c151-4ea0-a919-79c154e102d2] INFO  o.eclipse.m2e.core.internal.Bundles - 	Entry: C:\Users\mrity\.p2\pool\plugins\org.eclipse.m2e.maven.runtime_3.8.604.20221130-2149\jars\maven-model-3.8.6.jar
2023-02-17 03:06:50,159 [Worker-12: Launching mavenrun-9c5b06a5-c151-4ea0-a919-79c154e102d2] INFO  o.eclipse.m2e.core.internal.Bundles - 	Entry: C:\Users\mrity\.p2\pool\plugins\org.eclipse.m2e.maven.runtime_3.8.604.20221130-2149\jars\maven-model-builder-3.8.6.jar
2023-02-17 03:06:50,160 [Worker-12: Launching mavenrun-9c5b06a5-c151-4ea0-a919-79c154e102d2] INFO  o.eclipse.m2e.core.internal.Bundles - 	Entry: C:\Users\mrity\.p2\pool\plugins\org.eclipse.m2e.maven.runtime_3.8.604.20221130-2149\jars\maven-plugin-api-3.8.6.jar
2023-02-17 03:06:50,161 [Worker-12: Launching mavenrun-9c5b06a5-c151-4ea0-a919-79c154e102d2] INFO  o.eclipse.m2e.core.internal.Bundles - 	Entry: C:\Users\mrity\.p2\pool\plugins\org.eclipse.m2e.maven.runtime_3.8.604.20221130-2149\jars\maven-repository-metadata-3.8.6.jar
2023-02-17 03:06:50,161 [Worker-12: Launching mavenrun-9c5b06a5-c151-4ea0-a919-79c154e102d2] INFO  o.eclipse.m2e.core.internal.Bundles - 	Entry: C:\Users\mrity\.p2\pool\plugins\org.eclipse.m2e.maven.runtime_3.8.604.20221130-2149\jars\maven-resolver-api-1.6.3.jar
2023-02-17 03:06:50,162 [Worker-12: Launching mavenrun-9c5b06a5-c151-4ea0-a919-79c154e102d2] INFO  o.eclipse.m2e.core.internal.Bundles - 	Entry: C:\Users\mrity\.p2\pool\plugins\org.eclipse.m2e.maven.runtime_3.8.604.20221130-2149\jars\maven-resolver-connector-basic-1.6.3.jar
2023-02-17 03:06:50,162 [Worker-12: Launching mavenrun-9c5b06a5-c151-4ea0-a919-79c154e102d2] INFO  o.eclipse.m2e.core.internal.Bundles - 	Entry: C:\Users\mrity\.p2\pool\plugins\org.eclipse.m2e.maven.runtime_3.8.604.20221130-2149\jars\maven-resolver-impl-1.6.3.jar
2023-02-17 03:06:50,163 [Worker-12: Launching mavenrun-9c5b06a5-c151-4ea0-a919-79c154e102d2] INFO  o.eclipse.m2e.core.internal.Bundles - 	Entry: C:\Users\mrity\.p2\pool\plugins\org.eclipse.m2e.maven.runtime_3.8.604.20221130-2149\jars\maven-resolver-provider-3.8.6.jar
2023-02-17 03:06:50,163 [Worker-12: Launching mavenrun-9c5b06a5-c151-4ea0-a919-79c154e102d2] INFO  o.eclipse.m2e.core.internal.Bundles - 	Entry: C:\Users\mrity\.p2\pool\plugins\org.eclipse.m2e.maven.runtime_3.8.604.20221130-2149\jars\maven-resolver-spi-1.6.3.jar
2023-02-17 03:06:50,164 [Worker-12: Launching mavenrun-9c5b06a5-c151-4ea0-a919-79c154e102d2] INFO  o.eclipse.m2e.core.internal.Bundles - 	Entry: C:\Users\mrity\.p2\pool\plugins\org.eclipse.m2e.maven.runtime_3.8.604.20221130-2149\jars\maven-resolver-transport-wagon-1.6.3.jar
2023-02-17 03:06:50,164 [Worker-12: Launching mavenrun-9c5b06a5-c151-4ea0-a919-79c154e102d2] INFO  o.eclipse.m2e.core.internal.Bundles - 	Entry: C:\Users\mrity\.p2\pool\plugins\org.eclipse.m2e.maven.runtime_3.8.604.20221130-2149\jars\maven-resolver-util-1.6.3.jar
2023-02-17 03:06:50,164 [Worker-12: Launching mavenrun-9c5b06a5-c151-4ea0-a919-79c154e102d2] INFO  o.eclipse.m2e.core.internal.Bundles - 	Entry: C:\Users\mrity\.p2\pool\plugins\org.eclipse.m2e.maven.runtime_3.8.604.20221130-2149\jars\maven-settings-3.8.6.jar
2023-02-17 03:06:50,165 [Worker-12: Launching mavenrun-9c5b06a5-c151-4ea0-a919-79c154e102d2] INFO  o.eclipse.m2e.core.internal.Bundles - 	Entry: C:\Users\mrity\.p2\pool\plugins\org.eclipse.m2e.maven.runtime_3.8.604.20221130-2149\jars\maven-settings-builder-3.8.6.jar
2023-02-17 03:06:50,165 [Worker-12: Launching mavenrun-9c5b06a5-c151-4ea0-a919-79c154e102d2] INFO  o.eclipse.m2e.core.internal.Bundles - 	Entry: C:\Users\mrity\.p2\pool\plugins\org.eclipse.m2e.maven.runtime_3.8.604.20221130-2149\jars\maven-shared-utils-3.3.4.jar
2023-02-17 03:06:50,166 [Worker-12: Launching mavenrun-9c5b06a5-c151-4ea0-a919-79c154e102d2] INFO  o.eclipse.m2e.core.internal.Bundles - 	Entry: C:\Users\mrity\.p2\pool\plugins\org.eclipse.m2e.maven.runtime_3.8.604.20221130-2149\jars\okhttp-3.14.1.jar
2023-02-17 03:06:50,166 [Worker-12: Launching mavenrun-9c5b06a5-c151-4ea0-a919-79c154e102d2] INFO  o.eclipse.m2e.core.internal.Bundles - 	Entry: C:\Users\mrity\.p2\pool\plugins\org.eclipse.m2e.maven.runtime_3.8.604.20221130-2149\jars\okio-1.17.3.jar
2023-02-17 03:06:50,167 [Worker-12: Launching mavenrun-9c5b06a5-c151-4ea0-a919-79c154e102d2] INFO  o.eclipse.m2e.core.internal.Bundles - 	Entry: C:\Users\mrity\.p2\pool\plugins\org.eclipse.m2e.maven.runtime_3.8.604.20221130-2149\jars\org.eclipse.sisu.inject-0.3.5.jar
2023-02-17 03:06:50,167 [Worker-12: Launching mavenrun-9c5b06a5-c151-4ea0-a919-79c154e102d2] INFO  o.eclipse.m2e.core.internal.Bundles - 	Entry: C:\Users\mrity\.p2\pool\plugins\org.eclipse.m2e.maven.runtime_3.8.604.20221130-2149\jars\org.eclipse.sisu.plexus-0.3.5.jar
2023-02-17 03:06:50,168 [Worker-12: Launching mavenrun-9c5b06a5-c151-4ea0-a919-79c154e102d2] INFO  o.eclipse.m2e.core.internal.Bundles - 	Entry: C:\Users\mrity\.p2\pool\plugins\org.eclipse.m2e.maven.runtime_3.8.604.20221130-2149\jars\plexus-build-api-0.0.7.jar
2023-02-17 03:06:50,169 [Worker-12: Launching mavenrun-9c5b06a5-c151-4ea0-a919-79c154e102d2] INFO  o.eclipse.m2e.core.internal.Bundles - 	Entry: C:\Users\mrity\.p2\pool\plugins\org.eclipse.m2e.maven.runtime_3.8.604.20221130-2149\jars\plexus-cipher-2.0.jar
2023-02-17 03:06:50,169 [Worker-12: Launching mavenrun-9c5b06a5-c151-4ea0-a919-79c154e102d2] INFO  o.eclipse.m2e.core.internal.Bundles - 	Entry: C:\Users\mrity\.p2\pool\plugins\org.eclipse.m2e.maven.runtime_3.8.604.20221130-2149\jars\plexus-classworlds-2.6.0.jar
2023-02-17 03:06:50,170 [Worker-12: Launching mavenrun-9c5b06a5-c151-4ea0-a919-79c154e102d2] INFO  o.eclipse.m2e.core.internal.Bundles - 	Entry: C:\Users\mrity\.p2\pool\plugins\org.eclipse.m2e.maven.runtime_3.8.604.20221130-2149\jars\plexus-component-annotations-2.1.0.jar
2023-02-17 03:06:50,170 [Worker-12: Launching mavenrun-9c5b06a5-c151-4ea0-a919-79c154e102d2] INFO  o.eclipse.m2e.core.internal.Bundles - 	Entry: C:\Users\mrity\.p2\pool\plugins\org.eclipse.m2e.maven.runtime_3.8.604.20221130-2149\jars\plexus-interpolation-1.26.jar
2023-02-17 03:06:50,171 [Worker-12: Launching mavenrun-9c5b06a5-c151-4ea0-a919-79c154e102d2] INFO  o.eclipse.m2e.core.internal.Bundles - 	Entry: C:\Users\mrity\.p2\pool\plugins\org.eclipse.m2e.maven.runtime_3.8.604.20221130-2149\jars\plexus-sec-dispatcher-2.0.jar
2023-02-17 03:06:50,171 [Worker-12: Launching mavenrun-9c5b06a5-c151-4ea0-a919-79c154e102d2] INFO  o.eclipse.m2e.core.internal.Bundles - 	Entry: C:\Users\mrity\.p2\pool\plugins\org.eclipse.m2e.maven.runtime_3.8.604.20221130-2149\jars\plexus-utils-3.3.1.jar
2023-02-17 03:06:50,172 [Worker-12: Launching mavenrun-9c5b06a5-c151-4ea0-a919-79c154e102d2] INFO  o.eclipse.m2e.core.internal.Bundles - 	Entry: C:\Users\mrity\.p2\pool\plugins\org.eclipse.m2e.maven.runtime_3.8.604.20221130-2149\jars\wagon-file-3.5.1.jar
2023-02-17 03:06:50,172 [Worker-12: Launching mavenrun-9c5b06a5-c151-4ea0-a919-79c154e102d2] INFO  o.eclipse.m2e.core.internal.Bundles - 	Entry: C:\Users\mrity\.p2\pool\plugins\org.eclipse.m2e.maven.runtime_3.8.604.20221130-2149\jars\wagon-provider-api-3.5.1.jar
2023-02-17 03:06:50,176 [Worker-12: Launching mavenrun-9c5b06a5-c151-4ea0-a919-79c154e102d2] INFO  o.eclipse.m2e.core.internal.Bundles - getClasspathEntries(Bundle=com.google.guava_30.1.0.v20221112-0806 [10])
2023-02-17 03:06:50,179 [Worker-12: Launching mavenrun-9c5b06a5-c151-4ea0-a919-79c154e102d2] INFO  o.eclipse.m2e.core.internal.Bundles - 	Entry: C:\Users\mrity\.p2\pool\plugins\com.google.guava_30.1.0.v20221112-0806.jar
2023-02-17 03:06:50,180 [Worker-12: Launching mavenrun-9c5b06a5-c151-4ea0-a919-79c154e102d2] INFO  o.eclipse.m2e.core.internal.Bundles - getClasspathEntries(Bundle=slf4j.api_1.7.36 [917])
2023-02-17 03:06:50,183 [Worker-12: Launching mavenrun-9c5b06a5-c151-4ea0-a919-79c154e102d2] INFO  o.eclipse.m2e.core.internal.Bundles - 	Entry: C:\Users\mrity\.p2\pool\plugins\slf4j.api_1.7.36.jar
2023-02-17 03:06:50,183 [Worker-12: Launching mavenrun-9c5b06a5-c151-4ea0-a919-79c154e102d2] INFO  o.eclipse.m2e.core.internal.Bundles - getClasspathEntries(Bundle=javax.inject_1.0.0.v20220405-0441 [32])
2023-02-17 03:06:50,186 [Worker-12: Launching mavenrun-9c5b06a5-c151-4ea0-a919-79c154e102d2] INFO  o.eclipse.m2e.core.internal.Bundles - 	Entry: C:\Users\mrity\.p2\pool\plugins\javax.inject_1.0.0.v20220405-0441.jar
2023-02-17 03:06:50,187 [Worker-12: Launching mavenrun-9c5b06a5-c151-4ea0-a919-79c154e102d2] INFO  o.eclipse.m2e.core.internal.Bundles - getClasspathEntries(Bundle=javax.annotation_1.3.5.v20221112-0806 [30])
2023-02-17 03:06:50,189 [Worker-12: Launching mavenrun-9c5b06a5-c151-4ea0-a919-79c154e102d2] INFO  o.eclipse.m2e.core.internal.Bundles - 	Entry: C:\Users\mrity\.p2\pool\plugins\javax.annotation_1.3.5.v20221112-0806.jar
2023-02-17 03:06:50,207 [Worker-12: Launching mavenrun-9c5b06a5-c151-4ea0-a919-79c154e102d2] INFO  o.e.m.i.launch.MavenLaunchDelegate - Run build in "C:\Users\mrity\AppData\Local\Temp\m2e-archetypeGenerator13621821984851388411":
2023-02-17 03:06:50,215 [Worker-12: Launching mavenrun-9c5b06a5-c151-4ea0-a919-79c154e102d2] INFO  o.e.m.i.launch.MavenLaunchDelegate -  mvn  -DarchetypeGroupId=org.apache.maven.archetypes -DarchetypeArtifactId=maven-archetype-quickstart -DarchetypeVersion=1.1 -DgroupId=com.spring -DartifactId=SpringProject -Dversion=0.0.1-SNAPSHOT -Dpackage=com.spring.SpringProject -DoutputDirectory=D:\spring\springBySelf -Dstyle.color=always -U archetype:generate
2023-02-17 03:07:52,321 [Worker-13: Creating maven-archetype-quickstart] INFO  o.e.m.c.i.p.ProjectConfigurationManager - Collecting project info '/pom.xml' D:\spring\springBySelf\SpringProject\pom.xml
2023-02-17 03:07:59,474 [Worker-13: Creating maven-archetype-quickstart] INFO  o.e.m.c.i.l.LifecycleMappingFactory - Using org.eclipse.m2e.jdt.JarLifecycleMapping lifecycle mapping for MavenProject: com.spring:SpringProject:0.0.1-SNAPSHOT @ D:\spring\springBySelf\SpringProject\pom.xml.
2023-02-17 03:08:01,850 [Worker-13: Creating maven-archetype-quickstart] INFO  o.e.m.j.i.AbstractJavaProjectConfigurator - Adding source folder /SpringProject/src/main/java
2023-02-17 03:08:01,868 [Worker-13: Creating maven-archetype-quickstart] INFO  o.e.m.j.i.AbstractJavaProjectConfigurator - Adding source folder /SpringProject/src/test/java
2023-02-17 03:08:02,140 [Worker-13: Creating maven-archetype-quickstart] INFO  o.e.m.c.i.p.ProjectConfigurationManager - Imported and configured 1 project(s) in 9 sec
2023-02-17 03:08:03,788 [Worker-17: Building] INFO  o.e.m.c.i.embedder.EclipseLogger - Using 'UTF-8' encoding to copy filtered resources.
2023-02-17 03:08:03,789 [Worker-17: Building] INFO  o.e.m.c.i.embedder.EclipseLogger - skip non existing resourceDirectory D:\spring\springBySelf\SpringProject\src\main\resources
2023-02-17 03:08:03,796 [Worker-17: Building] INFO  o.e.m.c.i.embedder.EclipseLogger - Using 'UTF-8' encoding to copy filtered resources.
2023-02-17 03:08:03,796 [Worker-17: Building] INFO  o.e.m.c.i.embedder.EclipseLogger - skip non existing resourceDirectory D:\spring\springBySelf\SpringProject\src\test\resources
2023-02-17 03:13:34,405 [Worker-0: Building] INFO  o.e.m.c.i.l.LifecycleMappingFactory - Using org.eclipse.m2e.jdt.JarLifecycleMapping lifecycle mapping for MavenProject: com.spring:SpringProject:0.0.1-SNAPSHOT @ D:\spring\springBySelf\SpringProject\pom.xml.
2023-02-17 03:13:35,580 [Worker-0: Building] INFO  o.e.m.c.i.embedder.EclipseLogger - Using 'UTF-8' encoding to copy filtered resources.
2023-02-17 03:13:35,580 [Worker-0: Building] INFO  o.e.m.c.i.embedder.EclipseLogger - skip non existing resourceDirectory D:\spring\springBySelf\SpringProject\src\main\resources
2023-02-17 03:13:35,587 [Worker-0: Building] INFO  o.e.m.c.i.embedder.EclipseLogger - Using 'UTF-8' encoding to copy filtered resources.
2023-02-17 03:13:35,587 [Worker-0: Building] INFO  o.e.m.c.i.embedder.EclipseLogger - skip non existing resourceDirectory D:\spring\springBySelf\SpringProject\src\test\resources
2023-02-17 03:13:36,270 [Worker-20: Download sources and javadoc] INFO  o.e.m.c.i.e.AbstractTransferListenerAdapter - Downloading https://repo.maven.apache.org/maven2/org/springframework/spring-core/5.3.20/spring-core-5.3.20-sources.jar
2023-02-17 03:13:37,577 [Worker-20: Download sources and javadoc] INFO  o.e.m.c.i.e.AbstractTransferListenerAdapter - Downloaded https://repo.maven.apache.org/maven2/org/springframework/spring-core/5.3.20/spring-core-5.3.20-sources.jar
2023-02-17 03:13:37,590 [Worker-20: Download sources and javadoc] INFO  o.e.m.j.internal.DownloadSourcesJob - Downloaded sources for org.springframework:spring-core:5.3.20
2023-02-17 03:13:37,852 [Worker-21: Building] INFO  o.e.m.c.i.embedder.EclipseLogger - Using 'UTF-8' encoding to copy filtered resources.
2023-02-17 03:13:37,858 [Worker-21: Building] INFO  o.e.m.c.i.embedder.EclipseLogger - skip non existing resourceDirectory D:\spring\springBySelf\SpringProject\src\main\resources
2023-02-17 03:13:37,885 [Worker-21: Building] INFO  o.e.m.c.i.embedder.EclipseLogger - Using 'UTF-8' encoding to copy filtered resources.
2023-02-17 03:13:37,897 [Worker-21: Building] INFO  o.e.m.c.i.embedder.EclipseLogger - skip non existing resourceDirectory D:\spring\springBySelf\SpringProject\src\test\resources
2023-02-17 03:13:38,122 [Worker-20: Download sources and javadoc] INFO  o.e.m.c.i.e.AbstractTransferListenerAdapter - Downloading https://repo.maven.apache.org/maven2/org/springframework/spring-jcl/5.3.20/spring-jcl-5.3.20-sources.jar
2023-02-17 03:13:38,475 [Worker-20: Download sources and javadoc] INFO  o.e.m.c.i.e.AbstractTransferListenerAdapter - Downloaded https://repo.maven.apache.org/maven2/org/springframework/spring-jcl/5.3.20/spring-jcl-5.3.20-sources.jar
2023-02-17 03:13:38,484 [Worker-20: Download sources and javadoc] INFO  o.e.m.j.internal.DownloadSourcesJob - Downloaded sources for org.springframework:spring-jcl:5.3.20
2023-02-17 03:13:38,765 [Worker-20: Download sources and javadoc] INFO  o.e.m.c.i.e.AbstractTransferListenerAdapter - Downloading https://repo.maven.apache.org/maven2/org/springframework/spring-context/5.3.20/spring-context-5.3.20-sources.jar
2023-02-17 03:13:39,706 [Worker-20: Download sources and javadoc] INFO  o.e.m.c.i.e.AbstractTransferListenerAdapter - Downloaded https://repo.maven.apache.org/maven2/org/springframework/spring-context/5.3.20/spring-context-5.3.20-sources.jar
2023-02-17 03:13:39,715 [Worker-20: Download sources and javadoc] INFO  o.e.m.j.internal.DownloadSourcesJob - Downloaded sources for org.springframework:spring-context:5.3.20
2023-02-17 03:13:39,973 [Worker-20: Download sources and javadoc] INFO  o.e.m.c.i.e.AbstractTransferListenerAdapter - Downloading https://repo.maven.apache.org/maven2/org/springframework/spring-aop/5.3.20/spring-aop-5.3.20-sources.jar
2023-02-17 03:13:40,364 [Worker-20: Download sources and javadoc] INFO  o.e.m.c.i.e.AbstractTransferListenerAdapter - Downloaded https://repo.maven.apache.org/maven2/org/springframework/spring-aop/5.3.20/spring-aop-5.3.20-sources.jar
2023-02-17 03:13:40,372 [Worker-20: Download sources and javadoc] INFO  o.e.m.j.internal.DownloadSourcesJob - Downloaded sources for org.springframework:spring-aop:5.3.20
2023-02-17 03:13:40,556 [Worker-19: Building] INFO  o.e.m.c.i.embedder.EclipseLogger - Using 'UTF-8' encoding to copy filtered resources.
2023-02-17 03:13:40,556 [Worker-19: Building] INFO  o.e.m.c.i.embedder.EclipseLogger - skip non existing resourceDirectory D:\spring\springBySelf\SpringProject\src\main\resources
2023-02-17 03:13:40,563 [Worker-19: Building] INFO  o.e.m.c.i.embedder.EclipseLogger - Using 'UTF-8' encoding to copy filtered resources.
2023-02-17 03:13:40,563 [Worker-19: Building] INFO  o.e.m.c.i.embedder.EclipseLogger - skip non existing resourceDirectory D:\spring\springBySelf\SpringProject\src\test\resources
2023-02-17 03:13:40,612 [Worker-20: Download sources and javadoc] INFO  o.e.m.c.i.e.AbstractTransferListenerAdapter - Downloading https://repo.maven.apache.org/maven2/org/springframework/spring-beans/5.3.20/spring-beans-5.3.20-sources.jar
2023-02-17 03:13:41,190 [Worker-20: Download sources and javadoc] INFO  o.e.m.c.i.e.AbstractTransferListenerAdapter - Downloaded https://repo.maven.apache.org/maven2/org/springframework/spring-beans/5.3.20/spring-beans-5.3.20-sources.jar
2023-02-17 03:13:41,208 [Worker-20: Download sources and javadoc] INFO  o.e.m.j.internal.DownloadSourcesJob - Downloaded sources for org.springframework:spring-beans:5.3.20
2023-02-17 03:13:41,434 [Worker-20: Download sources and javadoc] INFO  o.e.m.c.i.e.AbstractTransferListenerAdapter - Downloading https://repo.maven.apache.org/maven2/org/springframework/spring-expression/5.3.20/spring-expression-5.3.20-sources.jar
2023-02-17 03:13:41,672 [Worker-20: Download sources and javadoc] INFO  o.e.m.c.i.e.AbstractTransferListenerAdapter - Downloaded https://repo.maven.apache.org/maven2/org/springframework/spring-expression/5.3.20/spring-expression-5.3.20-sources.jar
2023-02-17 03:13:41,680 [Worker-20: Download sources and javadoc] INFO  o.e.m.j.internal.DownloadSourcesJob - Downloaded sources for org.springframework:spring-expression:5.3.20
2023-02-17 03:13:42,150 [Worker-0: Building] INFO  o.e.m.c.i.embedder.EclipseLogger - Using 'UTF-8' encoding to copy filtered resources.
2023-02-17 03:13:42,151 [Worker-0: Building] INFO  o.e.m.c.i.embedder.EclipseLogger - skip non existing resourceDirectory D:\spring\springBySelf\SpringProject\src\main\resources
2023-02-17 03:13:42,213 [Worker-0: Building] INFO  o.e.m.c.i.embedder.EclipseLogger - Using 'UTF-8' encoding to copy filtered resources.
2023-02-17 03:13:42,213 [Worker-0: Building] INFO  o.e.m.c.i.embedder.EclipseLogger - skip non existing resourceDirectory D:\spring\springBySelf\SpringProject\src\test\resources
2023-02-17 03:14:18,359 [Worker-20: Building] INFO  o.e.m.c.i.embedder.EclipseLogger - Using 'UTF-8' encoding to copy filtered resources.
2023-02-17 03:14:18,365 [Worker-20: Building] INFO  o.e.m.c.i.embedder.EclipseLogger - skip non existing resourceDirectory D:\spring\springBySelf\SpringProject\src\main\resources
2023-02-17 03:14:18,371 [Worker-20: Building] INFO  o.e.m.c.i.embedder.EclipseLogger - Using 'UTF-8' encoding to copy filtered resources.
2023-02-17 03:14:18,372 [Worker-20: Building] INFO  o.e.m.c.i.embedder.EclipseLogger - skip non existing resourceDirectory D:\spring\springBySelf\SpringProject\src\test\resources
2023-02-17 03:14:26,577 [Worker-22: Building] INFO  o.e.m.c.i.embedder.EclipseLogger - Using 'UTF-8' encoding to copy filtered resources.
2023-02-17 03:14:26,578 [Worker-22: Building] INFO  o.e.m.c.i.embedder.EclipseLogger - skip non existing resourceDirectory D:\spring\springBySelf\SpringProject\src\main\resources
2023-02-17 03:14:26,584 [Worker-22: Building] INFO  o.e.m.c.i.embedder.EclipseLogger - Using 'UTF-8' encoding to copy filtered resources.
2023-02-17 03:14:26,584 [Worker-22: Building] INFO  o.e.m.c.i.embedder.EclipseLogger - skip non existing resourceDirectory D:\spring\springBySelf\SpringProject\src\test\resources
2023-02-17 03:14:54,466 [Worker-23: Building] INFO  o.e.m.c.i.embedder.EclipseLogger - Using 'UTF-8' encoding to copy filtered resources.
2023-02-17 03:14:54,467 [Worker-23: Building] INFO  o.e.m.c.i.embedder.EclipseLogger - skip non existing resourceDirectory D:\spring\springBySelf\SpringProject\src\main\resources
2023-02-17 03:14:54,472 [Worker-23: Building] INFO  o.e.m.c.i.embedder.EclipseLogger - Using 'UTF-8' encoding to copy filtered resources.
2023-02-17 03:14:54,473 [Worker-23: Building] INFO  o.e.m.c.i.embedder.EclipseLogger - skip non existing resourceDirectory D:\spring\springBySelf\SpringProject\src\test\resources
2023-02-17 03:15:08,110 [Worker-22: Building] INFO  o.e.m.c.i.embedder.EclipseLogger - Using 'UTF-8' encoding to copy filtered resources.
2023-02-17 03:15:08,112 [Worker-22: Building] INFO  o.e.m.c.i.embedder.EclipseLogger - skip non existing resourceDirectory D:\spring\springBySelf\SpringProject\src\main\resources
2023-02-17 03:15:08,122 [Worker-22: Building] INFO  o.e.m.c.i.embedder.EclipseLogger - Using 'UTF-8' encoding to copy filtered resources.
2023-02-17 03:15:08,122 [Worker-22: Building] INFO  o.e.m.c.i.embedder.EclipseLogger - skip non existing resourceDirectory D:\spring\springBySelf\SpringProject\src\test\resources
2023-02-17 03:16:29,695 [Worker-21: Building] INFO  o.e.m.c.i.embedder.EclipseLogger - Using 'UTF-8' encoding to copy filtered resources.
2023-02-17 03:16:29,696 [Worker-21: Building] INFO  o.e.m.c.i.embedder.EclipseLogger - skip non existing resourceDirectory D:\spring\springBySelf\SpringProject\src\main\resources
2023-02-17 03:16:29,702 [Worker-21: Building] INFO  o.e.m.c.i.embedder.EclipseLogger - Using 'UTF-8' encoding to copy filtered resources.
2023-02-17 03:16:29,702 [Worker-21: Building] INFO  o.e.m.c.i.embedder.EclipseLogger - skip non existing resourceDirectory D:\spring\springBySelf\SpringProject\src\test\resources
2023-02-17 03:17:17,979 [Worker-20: Building] INFO  o.e.m.c.i.embedder.EclipseLogger - Using 'UTF-8' encoding to copy filtered resources.
2023-02-17 03:17:17,980 [Worker-20: Building] INFO  o.e.m.c.i.embedder.EclipseLogger - skip non existing resourceDirectory D:\spring\springBySelf\SpringProject\src\main\resources
2023-02-17 03:17:17,985 [Worker-20: Building] INFO  o.e.m.c.i.embedder.EclipseLogger - Using 'UTF-8' encoding to copy filtered resources.
2023-02-17 03:17:17,985 [Worker-20: Building] INFO  o.e.m.c.i.embedder.EclipseLogger - skip non existing resourceDirectory D:\spring\springBySelf\SpringProject\src\test\resources
2023-02-17 03:22:33,640 [Worker-22: Building] INFO  o.e.m.c.i.embedder.EclipseLogger - Using 'UTF-8' encoding to copy filtered resources.
2023-02-17 03:22:33,641 [Worker-22: Building] INFO  o.e.m.c.i.embedder.EclipseLogger - skip non existing resourceDirectory D:\spring\springBySelf\SpringProject\src\main\resources
2023-02-17 03:22:33,643 [Worker-22: Building] INFO  o.e.m.c.i.embedder.EclipseLogger - Using 'UTF-8' encoding to copy filtered resources.
2023-02-17 03:22:33,644 [Worker-22: Building] INFO  o.e.m.c.i.embedder.EclipseLogger - skip non existing resourceDirectory D:\spring\springBySelf\SpringProject\src\test\resources
2023-02-17 03:26:49,696 [Worker-23: Building] INFO  o.e.m.c.i.embedder.EclipseLogger - Using 'UTF-8' encoding to copy filtered resources.
2023-02-17 03:26:49,696 [Worker-23: Building] INFO  o.e.m.c.i.embedder.EclipseLogger - skip non existing resourceDirectory D:\spring\springBySelf\SpringProject\src\main\resources
2023-02-17 03:26:49,701 [Worker-23: Building] INFO  o.e.m.c.i.embedder.EclipseLogger - Using 'UTF-8' encoding to copy filtered resources.
2023-02-17 03:26:49,702 [Worker-23: Building] INFO  o.e.m.c.i.embedder.EclipseLogger - skip non existing resourceDirectory D:\spring\springBySelf\SpringProject\src\test\resources
2023-02-17 03:27:05,240 [Worker-21: Building] INFO  o.e.m.c.i.embedder.EclipseLogger - Using 'UTF-8' encoding to copy filtered resources.
2023-02-17 03:27:05,241 [Worker-21: Building] INFO  o.e.m.c.i.embedder.EclipseLogger - skip non existing resourceDirectory D:\spring\springBySelf\SpringProject\src\main\resources
2023-02-17 03:27:05,245 [Worker-21: Building] INFO  o.e.m.c.i.embedder.EclipseLogger - Using 'UTF-8' encoding to copy filtered resources.
2023-02-17 03:27:05,245 [Worker-21: Building] INFO  o.e.m.c.i.embedder.EclipseLogger - skip non existing resourceDirectory D:\spring\springBySelf\SpringProject\src\test\resources
2023-02-17 03:28:24,538 [Worker-21: Building] INFO  o.e.m.c.i.embedder.EclipseLogger - Using 'UTF-8' encoding to copy filtered resources.
2023-02-17 03:28:24,538 [Worker-21: Building] INFO  o.e.m.c.i.embedder.EclipseLogger - skip non existing resourceDirectory D:\spring\springBySelf\SpringProject\src\main\resources
2023-02-17 03:28:24,548 [Worker-21: Building] INFO  o.e.m.c.i.embedder.EclipseLogger - Using 'UTF-8' encoding to copy filtered resources.
2023-02-17 03:28:24,548 [Worker-21: Building] INFO  o.e.m.c.i.embedder.EclipseLogger - skip non existing resourceDirectory D:\spring\springBySelf\SpringProject\src\test\resources
2023-02-17 03:30:07,451 [Worker-19: Building] INFO  o.e.m.c.i.embedder.EclipseLogger - Using 'UTF-8' encoding to copy filtered resources.
2023-02-17 03:30:07,451 [Worker-19: Building] INFO  o.e.m.c.i.embedder.EclipseLogger - skip non existing resourceDirectory D:\spring\springBySelf\SpringProject\src\main\resources
2023-02-17 03:30:07,458 [Worker-19: Building] INFO  o.e.m.c.i.embedder.EclipseLogger - Using 'UTF-8' encoding to copy filtered resources.
2023-02-17 03:30:07,459 [Worker-19: Building] INFO  o.e.m.c.i.embedder.EclipseLogger - skip non existing resourceDirectory D:\spring\springBySelf\SpringProject\src\test\resources
2023-02-17 03:32:49,593 [Worker-27: Building] INFO  o.e.m.c.i.embedder.EclipseLogger - Using 'UTF-8' encoding to copy filtered resources.
2023-02-17 03:32:49,593 [Worker-27: Building] INFO  o.e.m.c.i.embedder.EclipseLogger - skip non existing resourceDirectory D:\spring\springBySelf\SpringProject\src\main\resources
2023-02-17 03:32:49,603 [Worker-27: Building] INFO  o.e.m.c.i.embedder.EclipseLogger - Using 'UTF-8' encoding to copy filtered resources.
2023-02-17 03:32:49,603 [Worker-27: Building] INFO  o.e.m.c.i.embedder.EclipseLogger - skip non existing resourceDirectory D:\spring\springBySelf\SpringProject\src\test\resources
2023-02-17 03:35:01,453 [Worker-19: Building] INFO  o.e.m.c.i.embedder.EclipseLogger - Using 'UTF-8' encoding to copy filtered resources.
2023-02-17 03:35:01,454 [Worker-19: Building] INFO  o.e.m.c.i.embedder.EclipseLogger - skip non existing resourceDirectory D:\spring\springBySelf\SpringProject\src\main\resources
2023-02-17 03:35:01,458 [Worker-19: Building] INFO  o.e.m.c.i.embedder.EclipseLogger - Using 'UTF-8' encoding to copy filtered resources.
2023-02-17 03:35:01,458 [Worker-19: Building] INFO  o.e.m.c.i.embedder.EclipseLogger - skip non existing resourceDirectory D:\spring\springBySelf\SpringProject\src\test\resources
2023-02-17 03:35:29,333 [Worker-0: Building] INFO  o.e.m.c.i.embedder.EclipseLogger - Using 'UTF-8' encoding to copy filtered resources.
2023-02-17 03:35:29,334 [Worker-0: Building] INFO  o.e.m.c.i.embedder.EclipseLogger - skip non existing resourceDirectory D:\spring\springBySelf\SpringProject\src\main\resources
2023-02-17 03:35:29,338 [Worker-0: Building] INFO  o.e.m.c.i.embedder.EclipseLogger - Using 'UTF-8' encoding to copy filtered resources.
2023-02-17 03:35:29,339 [Worker-0: Building] INFO  o.e.m.c.i.embedder.EclipseLogger - skip non existing resourceDirectory D:\spring\springBySelf\SpringProject\src\test\resources
2023-02-17 03:35:32,778 [Worker-19: Building] INFO  o.e.m.c.i.embedder.EclipseLogger - Using 'UTF-8' encoding to copy filtered resources.
2023-02-17 03:35:32,779 [Worker-19: Building] INFO  o.e.m.c.i.embedder.EclipseLogger - skip non existing resourceDirectory D:\spring\springBySelf\SpringProject\src\main\resources
2023-02-17 03:35:32,782 [Worker-19: Building] INFO  o.e.m.c.i.embedder.EclipseLogger - Using 'UTF-8' encoding to copy filtered resources.
2023-02-17 03:35:32,783 [Worker-19: Building] INFO  o.e.m.c.i.embedder.EclipseLogger - skip non existing resourceDirectory D:\spring\springBySelf\SpringProject\src\test\resources
2023-02-17 03:35:41,727 [Worker-0: Building] INFO  o.e.m.c.i.embedder.EclipseLogger - Using 'UTF-8' encoding to copy filtered resources.
2023-02-17 03:35:41,727 [Worker-0: Building] INFO  o.e.m.c.i.embedder.EclipseLogger - skip non existing resourceDirectory D:\spring\springBySelf\SpringProject\src\main\resources
2023-02-17 03:35:41,732 [Worker-0: Building] INFO  o.e.m.c.i.embedder.EclipseLogger - Using 'UTF-8' encoding to copy filtered resources.
2023-02-17 03:35:41,732 [Worker-0: Building] INFO  o.e.m.c.i.embedder.EclipseLogger - skip non existing resourceDirectory D:\spring\springBySelf\SpringProject\src\test\resources
2023-02-17 03:35:52,176 [Worker-27: Building] INFO  o.e.m.c.i.embedder.EclipseLogger - Using 'UTF-8' encoding to copy filtered resources.
2023-02-17 03:35:52,177 [Worker-27: Building] INFO  o.e.m.c.i.embedder.EclipseLogger - skip non existing resourceDirectory D:\spring\springBySelf\SpringProject\src\main\resources
2023-02-17 03:35:52,180 [Worker-27: Building] INFO  o.e.m.c.i.embedder.EclipseLogger - Using 'UTF-8' encoding to copy filtered resources.
2023-02-17 03:35:52,180 [Worker-27: Building] INFO  o.e.m.c.i.embedder.EclipseLogger - skip non existing resourceDirectory D:\spring\springBySelf\SpringProject\src\test\resources
2023-02-17 03:36:23,463 [Worker-27: Building] INFO  o.e.m.c.i.embedder.EclipseLogger - Using 'UTF-8' encoding to copy filtered resources.
2023-02-17 03:36:23,463 [Worker-27: Building] INFO  o.e.m.c.i.embedder.EclipseLogger - skip non existing resourceDirectory D:\spring\springBySelf\SpringProject\src\main\resources
2023-02-17 03:36:23,466 [Worker-27: Building] INFO  o.e.m.c.i.embedder.EclipseLogger - Using 'UTF-8' encoding to copy filtered resources.
2023-02-17 03:36:23,467 [Worker-27: Building] INFO  o.e.m.c.i.embedder.EclipseLogger - skip non existing resourceDirectory D:\spring\springBySelf\SpringProject\src\test\resources
2023-02-17 03:38:19,245 [Worker-28: Building] INFO  o.e.m.c.i.embedder.EclipseLogger - Using 'UTF-8' encoding to copy filtered resources.
2023-02-17 03:38:19,262 [Worker-28: Building] INFO  o.e.m.c.i.embedder.EclipseLogger - skip non existing resourceDirectory D:\spring\springBySelf\SpringProject\src\main\resources
2023-02-17 03:38:19,269 [Worker-28: Building] INFO  o.e.m.c.i.embedder.EclipseLogger - Using 'UTF-8' encoding to copy filtered resources.
2023-02-17 03:38:19,270 [Worker-28: Building] INFO  o.e.m.c.i.embedder.EclipseLogger - skip non existing resourceDirectory D:\spring\springBySelf\SpringProject\src\test\resources
2023-02-17 03:43:27,686 [Worker-0: Building] INFO  o.e.m.c.i.embedder.EclipseLogger - Using 'UTF-8' encoding to copy filtered resources.
2023-02-17 03:43:27,686 [Worker-0: Building] INFO  o.e.m.c.i.embedder.EclipseLogger - skip non existing resourceDirectory D:\spring\springBySelf\SpringProject\src\main\resources
2023-02-17 03:43:27,690 [Worker-0: Building] INFO  o.e.m.c.i.embedder.EclipseLogger - Using 'UTF-8' encoding to copy filtered resources.
2023-02-17 03:43:27,690 [Worker-0: Building] INFO  o.e.m.c.i.embedder.EclipseLogger - skip non existing resourceDirectory D:\spring\springBySelf\SpringProject\src\test\resources
2023-02-17 03:45:51,463 [Worker-19: Building] INFO  o.e.m.c.i.embedder.EclipseLogger - Using 'UTF-8' encoding to copy filtered resources.
2023-02-17 03:45:51,463 [Worker-19: Building] INFO  o.e.m.c.i.embedder.EclipseLogger - skip non existing resourceDirectory D:\spring\springBySelf\SpringProject\src\main\resources
2023-02-17 03:45:51,466 [Worker-19: Building] INFO  o.e.m.c.i.embedder.EclipseLogger - Using 'UTF-8' encoding to copy filtered resources.
2023-02-17 03:45:51,466 [Worker-19: Building] INFO  o.e.m.c.i.embedder.EclipseLogger - skip non existing resourceDirectory D:\spring\springBySelf\SpringProject\src\test\resources
2023-02-17 03:51:42,636 [Worker-32: Building] INFO  o.e.m.c.i.embedder.EclipseLogger - Using 'UTF-8' encoding to copy filtered resources.
2023-02-17 03:51:42,637 [Worker-32: Building] INFO  o.e.m.c.i.embedder.EclipseLogger - skip non existing resourceDirectory D:\spring\springBySelf\SpringProject\src\main\resources
2023-02-17 03:51:42,641 [Worker-32: Building] INFO  o.e.m.c.i.embedder.EclipseLogger - Using 'UTF-8' encoding to copy filtered resources.
2023-02-17 03:51:42,642 [Worker-32: Building] INFO  o.e.m.c.i.embedder.EclipseLogger - skip non existing resourceDirectory D:\spring\springBySelf\SpringProject\src\test\resources
2023-02-17 03:51:47,099 [Worker-32: Building] INFO  o.e.m.c.i.embedder.EclipseLogger - Using 'UTF-8' encoding to copy filtered resources.
2023-02-17 03:51:47,100 [Worker-32: Building] INFO  o.e.m.c.i.embedder.EclipseLogger - skip non existing resourceDirectory D:\spring\springBySelf\SpringProject\src\main\resources
2023-02-17 03:51:47,103 [Worker-32: Building] INFO  o.e.m.c.i.embedder.EclipseLogger - Using 'UTF-8' encoding to copy filtered resources.
2023-02-17 03:51:47,103 [Worker-32: Building] INFO  o.e.m.c.i.embedder.EclipseLogger - skip non existing resourceDirectory D:\spring\springBySelf\SpringProject\src\test\resources
2023-02-17 03:55:47,006 [Worker-0: Building] INFO  o.e.m.c.i.embedder.EclipseLogger - Using 'UTF-8' encoding to copy filtered resources.
2023-02-17 03:55:47,007 [Worker-0: Building] INFO  o.e.m.c.i.embedder.EclipseLogger - skip non existing resourceDirectory D:\spring\springBySelf\SpringProject\src\main\resources
2023-02-17 03:55:47,014 [Worker-0: Building] INFO  o.e.m.c.i.embedder.EclipseLogger - Using 'UTF-8' encoding to copy filtered resources.
2023-02-17 03:55:47,014 [Worker-0: Building] INFO  o.e.m.c.i.embedder.EclipseLogger - skip non existing resourceDirectory D:\spring\springBySelf\SpringProject\src\test\resources
2023-02-17 03:55:54,237 [Worker-31: Building] INFO  o.e.m.c.i.embedder.EclipseLogger - Using 'UTF-8' encoding to copy filtered resources.
2023-02-17 03:55:54,237 [Worker-31: Building] INFO  o.e.m.c.i.embedder.EclipseLogger - skip non existing resourceDirectory D:\spring\springBySelf\SpringProject\src\main\resources
2023-02-17 03:55:54,241 [Worker-31: Building] INFO  o.e.m.c.i.embedder.EclipseLogger - Using 'UTF-8' encoding to copy filtered resources.
2023-02-17 03:55:54,241 [Worker-31: Building] INFO  o.e.m.c.i.embedder.EclipseLogger - skip non existing resourceDirectory D:\spring\springBySelf\SpringProject\src\test\resources
2023-02-17 03:57:03,431 [Worker-27: Building] INFO  o.e.m.c.i.embedder.EclipseLogger - Using 'UTF-8' encoding to copy filtered resources.
2023-02-17 03:57:03,432 [Worker-27: Building] INFO  o.e.m.c.i.embedder.EclipseLogger - skip non existing resourceDirectory D:\spring\springBySelf\SpringProject\src\main\resources
2023-02-17 03:57:03,436 [Worker-27: Building] INFO  o.e.m.c.i.embedder.EclipseLogger - Using 'UTF-8' encoding to copy filtered resources.
2023-02-17 03:57:03,436 [Worker-27: Building] INFO  o.e.m.c.i.embedder.EclipseLogger - skip non existing resourceDirectory D:\spring\springBySelf\SpringProject\src\test\resources
2023-02-17 03:59:13,481 [Worker-31: Building] INFO  o.e.m.c.i.embedder.EclipseLogger - Using 'UTF-8' encoding to copy filtered resources.
2023-02-17 03:59:13,482 [Worker-31: Building] INFO  o.e.m.c.i.embedder.EclipseLogger - skip non existing resourceDirectory D:\spring\springBySelf\SpringProject\src\main\resources
2023-02-17 03:59:13,487 [Worker-31: Building] INFO  o.e.m.c.i.embedder.EclipseLogger - Using 'UTF-8' encoding to copy filtered resources.
2023-02-17 03:59:13,487 [Worker-31: Building] INFO  o.e.m.c.i.embedder.EclipseLogger - skip non existing resourceDirectory D:\spring\springBySelf\SpringProject\src\test\resources
2023-02-17 03:59:19,903 [Worker-27: Launching MainList] INFO  o.e.m.c.i.embedder.EclipseLogger - Using 'UTF-8' encoding to copy filtered resources.
2023-02-17 03:59:19,904 [Worker-27: Launching MainList] INFO  o.e.m.c.i.embedder.EclipseLogger - skip non existing resourceDirectory D:\spring\springBySelf\SpringProject\src\main\resources
2023-02-17 03:59:19,908 [Worker-27: Launching MainList] INFO  o.e.m.c.i.embedder.EclipseLogger - Using 'UTF-8' encoding to copy filtered resources.
2023-02-17 03:59:19,908 [Worker-27: Launching MainList] INFO  o.e.m.c.i.embedder.EclipseLogger - skip non existing resourceDirectory D:\spring\springBySelf\SpringProject\src\test\resources
2023-02-17 04:01:32,673 [Worker-28: Building] INFO  o.e.m.c.i.embedder.EclipseLogger - Using 'UTF-8' encoding to copy filtered resources.
2023-02-17 04:01:32,674 [Worker-28: Building] INFO  o.e.m.c.i.embedder.EclipseLogger - skip non existing resourceDirectory D:\spring\springBySelf\SpringProject\src\main\resources
2023-02-17 04:01:32,678 [Worker-28: Building] INFO  o.e.m.c.i.embedder.EclipseLogger - Using 'UTF-8' encoding to copy filtered resources.
2023-02-17 04:01:32,678 [Worker-28: Building] INFO  o.e.m.c.i.embedder.EclipseLogger - skip non existing resourceDirectory D:\spring\springBySelf\SpringProject\src\test\resources
2023-02-17 04:04:02,849 [Worker-30: Building] INFO  o.e.m.c.i.embedder.EclipseLogger - Using 'UTF-8' encoding to copy filtered resources.
2023-02-17 04:04:02,849 [Worker-30: Building] INFO  o.e.m.c.i.embedder.EclipseLogger - skip non existing resourceDirectory D:\spring\springBySelf\SpringProject\src\main\resources
2023-02-17 04:04:02,853 [Worker-30: Building] INFO  o.e.m.c.i.embedder.EclipseLogger - Using 'UTF-8' encoding to copy filtered resources.
2023-02-17 04:04:02,854 [Worker-30: Building] INFO  o.e.m.c.i.embedder.EclipseLogger - skip non existing resourceDirectory D:\spring\springBySelf\SpringProject\src\test\resources
2023-02-17 04:10:57,437 [Worker-33: Building] INFO  o.e.m.c.i.embedder.EclipseLogger - Using 'UTF-8' encoding to copy filtered resources.
2023-02-17 04:10:57,438 [Worker-33: Building] INFO  o.e.m.c.i.embedder.EclipseLogger - skip non existing resourceDirectory D:\spring\springBySelf\SpringProject\src\main\resources
2023-02-17 04:10:57,442 [Worker-33: Building] INFO  o.e.m.c.i.embedder.EclipseLogger - Using 'UTF-8' encoding to copy filtered resources.
2023-02-17 04:10:57,442 [Worker-33: Building] INFO  o.e.m.c.i.embedder.EclipseLogger - skip non existing resourceDirectory D:\spring\springBySelf\SpringProject\src\test\resources
2023-02-17 04:13:30,205 [Worker-38: Building] INFO  o.e.m.c.i.embedder.EclipseLogger - Using 'UTF-8' encoding to copy filtered resources.
2023-02-17 04:13:30,206 [Worker-38: Building] INFO  o.e.m.c.i.embedder.EclipseLogger - skip non existing resourceDirectory D:\spring\springBySelf\SpringProject\src\main\resources
2023-02-17 04:13:30,209 [Worker-38: Building] INFO  o.e.m.c.i.embedder.EclipseLogger - Using 'UTF-8' encoding to copy filtered resources.
2023-02-17 04:13:30,209 [Worker-38: Building] INFO  o.e.m.c.i.embedder.EclipseLogger - skip non existing resourceDirectory D:\spring\springBySelf\SpringProject\src\test\resources
2023-02-17 04:13:50,683 [Worker-34: Building] INFO  o.e.m.c.i.embedder.EclipseLogger - Using 'UTF-8' encoding to copy filtered resources.
2023-02-17 04:13:50,683 [Worker-34: Building] INFO  o.e.m.c.i.embedder.EclipseLogger - skip non existing resourceDirectory D:\spring\springBySelf\SpringProject\src\main\resources
2023-02-17 04:13:50,687 [Worker-34: Building] INFO  o.e.m.c.i.embedder.EclipseLogger - Using 'UTF-8' encoding to copy filtered resources.
2023-02-17 04:13:50,687 [Worker-34: Building] INFO  o.e.m.c.i.embedder.EclipseLogger - skip non existing resourceDirectory D:\spring\springBySelf\SpringProject\src\test\resources
2023-02-17 04:14:33,608 [Worker-34: Building] INFO  o.e.m.c.i.embedder.EclipseLogger - Using 'UTF-8' encoding to copy filtered resources.
2023-02-17 04:14:33,609 [Worker-34: Building] INFO  o.e.m.c.i.embedder.EclipseLogger - skip non existing resourceDirectory D:\spring\springBySelf\SpringProject\src\main\resources
2023-02-17 04:14:33,612 [Worker-34: Building] INFO  o.e.m.c.i.embedder.EclipseLogger - Using 'UTF-8' encoding to copy filtered resources.
2023-02-17 04:14:33,612 [Worker-34: Building] INFO  o.e.m.c.i.embedder.EclipseLogger - skip non existing resourceDirectory D:\spring\springBySelf\SpringProject\src\test\resources
2023-02-17 04:17:55,821 [Worker-41: Building] INFO  o.e.m.c.i.embedder.EclipseLogger - Using 'UTF-8' encoding to copy filtered resources.
2023-02-17 04:17:55,821 [Worker-41: Building] INFO  o.e.m.c.i.embedder.EclipseLogger - skip non existing resourceDirectory D:\spring\springBySelf\SpringProject\src\main\resources
2023-02-17 04:17:55,825 [Worker-41: Building] INFO  o.e.m.c.i.embedder.EclipseLogger - Using 'UTF-8' encoding to copy filtered resources.
2023-02-17 04:17:55,825 [Worker-41: Building] INFO  o.e.m.c.i.embedder.EclipseLogger - skip non existing resourceDirectory D:\spring\springBySelf\SpringProject\src\test\resources
2023-02-17 04:18:32,461 [Worker-40: Building] INFO  o.e.m.c.i.embedder.EclipseLogger - Using 'UTF-8' encoding to copy filtered resources.
2023-02-17 04:18:32,461 [Worker-40: Building] INFO  o.e.m.c.i.embedder.EclipseLogger - skip non existing resourceDirectory D:\spring\springBySelf\SpringProject\src\main\resources
2023-02-17 04:18:32,465 [Worker-40: Building] INFO  o.e.m.c.i.embedder.EclipseLogger - Using 'UTF-8' encoding to copy filtered resources.
2023-02-17 04:18:32,466 [Worker-40: Building] INFO  o.e.m.c.i.embedder.EclipseLogger - skip non existing resourceDirectory D:\spring\springBySelf\SpringProject\src\test\resources
2023-02-17 20:44:10,375 [Worker-2: Loading available Gradle versions] INFO  o.e.b.c.i.u.g.PublishedGradleVersions - Gradle version information cache is up-to-date. Trying to read.
